<?xml version="1.0" encoding="UTF-8"?>
<testsuite xmlns:xsi="http://www.w3.org/2001/XMLSchema-instance" xsi:noNamespaceSchemaLocation="https://maven.apache.org/surefire/maven-surefire-plugin/xsd/surefire-test-report-3.0.xsd" version="3.0" name="edu.brown.cs.testing.TestingParseSearch" time="0.768" tests="17" errors="0" skipped="0" failures="1">
  <properties>
[...]
</properties>
  <testcase name="parseBigFile" classname="edu.brown.cs.testing.TestingParseSearch" time="0.112"/>
  <testcase name="searchFoundNoNarrowNoHeader" classname="edu.brown.cs.testing.TestingParseSearch" time="0.002"/>
  <testcase name="searchFoundNarrowHeader" classname="edu.brown.cs.testing.TestingParseSearch" time="0.002"/>
  <testcase name="parseDifferentGeneric" classname="edu.brown.cs.testing.TestingParseSearch" time="0.019"/>
  <testcase name="parseCheckDataset" classname="edu.brown.cs.testing.TestingParseSearch" time="0.007"/>
  <testcase name="searchNotFoundWrongNarrow" classname="edu.brown.cs.testing.TestingParseSearch" time="0.01">
    <failure message="expected:&lt;1&gt; but was:&lt;0&gt;" type="java.lang.AssertionError"><![CDATA[java.lang.AssertionError: expected:<1> but was:<0>
	at org.testng.AssertJUnit.fail(AssertJUnit.java:65)
	at org.testng.AssertJUnit.failNotEquals(AssertJUnit.java:467)
	at org.testng.AssertJUnit.assertEquals(AssertJUnit.java:88)
	at org.testng.AssertJUnit.assertEquals(AssertJUnit.java:318)
	at org.testng.AssertJUnit.assertEquals(AssertJUnit.java:328)
	at edu.brown.cs.testing.TestingParseSearch.searchNotFoundWrongNarrow(TestingParseSearch.java:258)
	at java.base/jdk.internal.reflect.NativeMethodAccessorImpl.invoke0(Native Method)
	at java.base/jdk.internal.reflect.NativeMethodAccessorImpl.invoke(NativeMethodAccessorImpl.java:77)
	at java.base/jdk.internal.reflect.DelegatingMethodAccessorImpl.invoke(DelegatingMethodAccessorImpl.java:43)
	at java.base/java.lang.reflect.Method.invoke(Method.java:568)
	at org.junit.platform.commons.util.ReflectionUtils.invokeMethod(ReflectionUtils.java:628)
	at org.junit.jupiter.engine.execution.ExecutableInvoker.invoke(ExecutableInvoker.java:117)
	at org.junit.jupiter.engine.descriptor.TestMethodTestDescriptor.lambda$invokeTestMethod$7(TestMethodTestDescriptor.java:184)
	at org.junit.platform.engine.support.hierarchical.ThrowableCollector.execute(ThrowableCollector.java:73)
	at org.junit.jupiter.engine.descriptor.TestMethodTestDescriptor.invokeTestMethod(TestMethodTestDescriptor.java:180)
	at org.junit.jupiter.engine.descriptor.TestMethodTestDescriptor.execute(TestMethodTestDescriptor.java:127)
	at org.junit.jupiter.engine.descriptor.TestMethodTestDescriptor.execute(TestMethodTestDescriptor.java:68)
	at org.junit.platform.engine.support.hierarchical.NodeTestTask.lambda$executeRecursively$5(NodeTestTask.java:135)
	at org.junit.platform.engine.support.hierarchical.ThrowableCollector.execute(ThrowableCollector.java:73)
	at org.junit.platform.engine.support.hierarchical.NodeTestTask.lambda$executeRecursively$7(NodeTestTask.java:125)
	at org.junit.platform.engine.support.hierarchical.Node.around(Node.java:135)
	at org.junit.platform.engine.support.hierarchical.NodeTestTask.lambda$executeRecursively$8(NodeTestTask.java:123)
	at org.junit.platform.engine.support.hierarchical.ThrowableCollector.execute(ThrowableCollector.java:73)
	at org.junit.platform.engine.support.hierarchical.NodeTestTask.executeRecursively(NodeTestTask.java:122)
	at org.junit.platform.engine.support.hierarchical.NodeTestTask.execute(NodeTestTask.java:80)
	at java.base/java.util.ArrayList.forEach(ArrayList.java:1511)
	at org.junit.platform.engine.support.hierarchical.SameThreadHierarchicalTestExecutorService.invokeAll(SameThreadHierarchicalTestExecutorService.java:38)
	at org.junit.platform.engine.support.hierarchical.NodeTestTask.lambda$executeRecursively$5(NodeTestTask.java:139)
	at org.junit.platform.engine.support.hierarchical.ThrowableCollector.execute(ThrowableCollector.java:73)
	at org.junit.platform.engine.support.hierarchical.NodeTestTask.lambda$executeRecursively$7(NodeTestTask.java:125)
	at org.junit.platform.engine.support.hierarchical.Node.around(Node.java:135)
	at org.junit.platform.engine.support.hierarchical.NodeTestTask.lambda$executeRecursively$8(NodeTestTask.java:123)
	at org.junit.platform.engine.support.hierarchical.ThrowableCollector.execute(ThrowableCollector.java:73)
	at org.junit.platform.engine.support.hierarchical.NodeTestTask.executeRecursively(NodeTestTask.java:122)
	at org.junit.platform.engine.support.hierarchical.NodeTestTask.execute(NodeTestTask.java:80)
	at java.base/java.util.ArrayList.forEach(ArrayList.java:1511)
	at org.junit.platform.engine.support.hierarchical.SameThreadHierarchicalTestExecutorService.invokeAll(SameThreadHierarchicalTestExecutorService.java:38)
	at org.junit.platform.engine.support.hierarchical.NodeTestTask.lambda$executeRecursively$5(NodeTestTask.java:139)
	at org.junit.platform.engine.support.hierarchical.ThrowableCollector.execute(ThrowableCollector.java:73)
	at org.junit.platform.engine.support.hierarchical.NodeTestTask.lambda$executeRecursively$7(NodeTestTask.java:125)
	at org.junit.platform.engine.support.hierarchical.Node.around(Node.java:135)
	at org.junit.platform.engine.support.hierarchical.NodeTestTask.lambda$executeRecursively$8(NodeTestTask.java:123)
	at org.junit.platform.engine.support.hierarchical.ThrowableCollector.execute(ThrowableCollector.java:73)
	at org.junit.platform.engine.support.hierarchical.NodeTestTask.executeRecursively(NodeTestTask.java:122)
	at org.junit.platform.engine.support.hierarchical.NodeTestTask.execute(NodeTestTask.java:80)
	at org.junit.platform.engine.support.hierarchical.SameThreadHierarchicalTestExecutorService.submit(SameThreadHierarchicalTestExecutorService.java:32)
	at org.junit.platform.engine.support.hierarchical.HierarchicalTestExecutor.execute(HierarchicalTestExecutor.java:57)
	at org.junit.platform.engine.support.hierarchical.HierarchicalTestEngine.execute(HierarchicalTestEngine.java:51)
	at org.junit.platform.launcher.core.DefaultLauncher.execute(DefaultLauncher.java:229)
	at org.junit.platform.launcher.core.DefaultLauncher.lambda$execute$6(DefaultLauncher.java:197)
	at org.junit.platform.launcher.core.DefaultLauncher.withInterceptedStreams(DefaultLauncher.java:211)
	at org.junit.platform.launcher.core.DefaultLauncher.execute(DefaultLauncher.java:191)
	at org.junit.platform.launcher.core.DefaultLauncher.execute(DefaultLauncher.java:128)
	at org.apache.maven.surefire.junitplatform.LazyLauncher.execute(LazyLauncher.java:55)
	at org.apache.maven.surefire.junitplatform.JUnitPlatformProvider.execute(JUnitPlatformProvider.java:223)
	at org.apache.maven.surefire.junitplatform.JUnitPlatformProvider.invokeAllTests(JUnitPlatformProvider.java:175)
	at org.apache.maven.surefire.junitplatform.JUnitPlatformProvider.invoke(JUnitPlatformProvider.java:139)
	at org.apache.maven.surefire.booter.ForkedBooter.runSuitesInProcess(ForkedBooter.java:456)
	at org.apache.maven.surefire.booter.ForkedBooter.execute(ForkedBooter.java:169)
	at org.apache.maven.surefire.booter.ForkedBooter.run(ForkedBooter.java:595)
	at org.apache.maven.surefire.booter.ForkedBooter.main(ForkedBooter.java:581)
]]></failure>
  </testcase>
  <testcase name="searchFoundNarrowNoHeader" classname="edu.brown.cs.testing.TestingParseSearch" time="0.001"/>
  <testcase name="searchWithMistake" classname="edu.brown.cs.testing.TestingParseSearch" time="0.001"/>
  <testcase name="testDoubleQuotesCommas" classname="edu.brown.cs.testing.TestingParseSearch" time="0.012"/>
  <testcase name="parseFileReaderWithFactoryFailure" classname="edu.brown.cs.testing.TestingParseSearch" time="0.01">
    <system-out><![CDATA[Row with index 2 was not processed. Error: edu.brown.cs.student.main.rowhandler.FactoryFailureException: Your row contains an empty entry
Row with index 3 was not processed. Error: edu.brown.cs.student.main.rowhandler.FactoryFailureException: Your row contains an empty entry
Row with index 4 was not processed. Error: edu.brown.cs.student.main.rowhandler.FactoryFailureException: Your row contains an empty entry
Row with index 10 was not processed. Error: edu.brown.cs.student.main.rowhandler.FactoryFailureException: Your row contains an empty entry
]]></system-out>
  </testcase>
  <testcase name="searchNotFoundNoNarrowNoHeader" classname="edu.brown.cs.testing.TestingParseSearch" time="0.001"/>
  <testcase name="searchFoundNoNarrowHeader" classname="edu.brown.cs.testing.TestingParseSearch" time="0.001"/>
  <testcase name="testQuotesWithCommasFullLine" classname="edu.brown.cs.testing.TestingParseSearch" time="0"/>
  <testcase name="fileNotFoundTest" classname="edu.brown.cs.testing.TestingParseSearch" time="0.004"/>
  <testcase name="searchFoundIndexWithHeader" classname="edu.brown.cs.testing.TestingParseSearch" time="0.524"/>
  <testcase name="searchHeaderDuplicate" classname="edu.brown.cs.testing.TestingParseSearch" time="0.002"/>
  <testcase name="parseStringReader" classname="edu.brown.cs.testing.TestingParseSearch" time="0"/>
</testsuite>